<?xml version='1.0' encoding='UTF-8'?>
<hotspot_log version='160 1' process='21697' time_ms='1422725678887'>
<vm_version>
<name>
OpenJDK 64-Bit Server VM
</name>
<release>
1.9.0-internal-debug-simonis_2015_01_02_10_49-b00
</release>
<info>
OpenJDK 64-Bit Server VM (1.9.0-internal-debug-simonis_2015_01_02_10_49-b00) for linux-amd64 JRE (1.9.0-internal-simonis_2015_01_02_10_49-b00), built on Jan 30 2015 14:02:27 by &quot;simonis&quot; with gcc 4.8.2
</info>
</vm_version>
<vm_arguments>
<args>
-XX:+PrintCompilation -XX:-TieredCompilation -XX:-UseOnStackReplacement -XX:CICompilerCount=1 -XX:-UseCompressedOops -Xbatch 
</args>
<command>
AtomicLongTest 20000
</command>
<launcher>
SUN_STANDARD
</launcher>
<properties>
java.vm.specification.name=Java Virtual Machine Specification
java.vm.version=1.9.0-internal-debug-simonis_2015_01_02_10_49-b00
java.vm.name=OpenJDK 64-Bit Server VM
java.vm.info=mixed mode, sharing
sun.boot.library.path=/share/output-jdk9-dev-dbg/images/jdk/lib/amd64
java.library.path=/share/OpenJDK/hsdis:/usr/java/packages/lib/amd64:/usr/lib64:/lib64:/lib:/usr/lib
java.home=/share/output-jdk9-dev-dbg/images/jdk
java.class.path=.
sun.boot.class.path=/share/output-jdk9-dev-dbg/images/jdk/lib/modules/bootmodules.jimage
java.vm.specification.vendor=Oracle Corporation
java.vm.specification.version=1.9
java.vm.vendor=Oracle Corporation
sun.java.command=AtomicLongTest 20000
sun.java.launcher=SUN_STANDARD
</properties>
</vm_arguments>
<tty>
<writer thread='140317533804288'/>
<blob name='MethodHandlesAdapterBlob' size='182000'>
<sect index='1' size='182000' free='178432'/>
</blob>
<writer thread='140315833079552'/>
    580    1    b        sun.nio.cs.UTF_8$Decoder::decode (779 bytes)
    604    2    b        java.nio.DirectByteBuffer::ix (10 bytes)
    608    3    b        java.nio.Buffer::checkIndex (22 bytes)
<writer thread='140317533804288'/>
    612    4     n       sun.misc.Unsafe::getByte (native)   
<writer thread='140315833079552'/>
    613    5    b        java.nio.DirectByteBuffer::get (16 bytes)
    617    6    b        java.nio.Buffer::capacity (5 bytes)
    619    7    b        jdk.internal.jimage.ImageStrings::get (141 bytes)
    674    8    b        java.lang.String::hashCode (53 bytes)
    791    9    b        java.lang.String::charAt (29 bytes)
    798   10    b        java.lang.Integer::parseInt (259 bytes)
<writer thread='140317533804288'/>
    873   11     n       sun.misc.Unsafe::compareAndSwapLong (native)   
<writer thread='140315833079552'/>
    874   12    b        java.lang.Integer::parseInt (7 bytes)
    878   13    b        AtomicLongTest::update (43 bytes)
    884   14    b        java.util.concurrent.atomic.AtomicLong::addAndGet (14 bytes)
    887   15    b        sun.misc.Unsafe::getAndAddLong (27 bytes)
<writer thread='140317533804288'/>
    891   16     n       sun.misc.Unsafe::getLongVolatile (native)   
<writer thread='140315833079552'/>
    892   17    b        java.util.concurrent.atomic.AtomicLong::longValue (5 bytes)
    894   18    b        java.util.concurrent.atomic.AtomicLong::get (5 bytes)
    896   19    b        AtomicLongTest::printOK (47 bytes)
<writer thread='140317533804288'/>
    899   13             AtomicLongTest::update (43 bytes)   made not entrant
    900   19             AtomicLongTest::printOK (47 bytes)   made not entrant
<writer thread='140315833079552'/>
    912   20    b        AtomicLongTest::update (43 bytes)
<writer thread='140317533804288'/>
C1 Runtime statistics:
 _resolve_invoke_virtual_cnt:     0
 _resolve_invoke_opt_virtual_cnt: 3
 _resolve_invoke_static_cnt:      2
 _handle_wrong_method_cnt:        0
 _ic_miss_cnt:                    0
 _generic_arraycopy_cnt:          0
 _generic_arraycopystub_cnt:      0
 _byte_arraycopy_cnt:             0
 _short_arraycopy_cnt:            0
 _int_arraycopy_cnt:              0
 _long_arraycopy_cnt:             0
 _primitive_arraycopy_cnt:        0
 _oop_arraycopy_cnt (C):          0
 _oop_arraycopy_cnt (stub):       0
 _arraycopy_slowcase_cnt:         0
 _arraycopy_checkcast_cnt:        0
 _arraycopy_checkcast_attempt_cnt:0
 _new_type_array_slowcase_cnt:    0
 _new_object_array_slowcase_cnt:  0
 _new_instance_slowcase_cnt:      0
 _new_multi_array_slowcase_cnt:   0
 _monitorenter_slowcase_cnt:      0
 _monitorexit_slowcase_cnt:       0
 _patch_code_slowcase_cnt:        0
 _throw_range_check_exception_count:            0:
 _throw_index_exception_count:                  0:
 _throw_div0_exception_count:                   0:
 _throw_null_pointer_exception_count:           0:
 _throw_class_cast_exception_count:             0:
 _throw_incompatible_class_change_error_count:  0:
 _throw_array_store_exception_count:            0:
 _throw_count:                                  0:

<statistics type='deoptimization'>
Deoptimization traps recorded:
     2 (100,0%) total
              unstable_if/reinterpret/ifne: 2 (100,0%)
</statistics>
<statistics type='SharedRuntime'>
    0 inline cache miss in compiled
    0 wrong method
    2 unresolved static call site
    0 unresolved virtual call site
    3 unresolved opt virtual call site
    6 slow partial subtype
   12 byte array copies
   12 short array copies
   12 int array copies
   12 long array copies
AdapterHandlerTable: empty 183 longest 4 total 146 average 1,327273
AdapterHandlerTable: lookups 6033 buckets 5942 equals 5615 hits 5615 compact 5615
</statistics>
<statistics type='nmethod'>
Statistics for 3 native nmethods:
 N. total size  = 3072
 N. relocation  = 264
 N. main code   = 1872
Statistics for 17 bytecoded nmethods:
 total in heap  = 22200
 relocation     = 616
 main code      = 5344
 stub code      = 560
 oops           = 56
 scopes data    = 2936
 scopes pcs     = 6288
 dependencies   = 144
 handler table  = 336
 nul chk table  = 136
Debug Data Chunks: 747, shared 98+254, non-SP&apos;s elided 5
PcDesc Statistics:  14 queries, 7,00 comparisons per query
  caches=17 queries=14/0, hits=0+2, tests=39+59, adds=12
</statistics>
<statistics type='opto'>
--- Compiler Statistics ---
Methods seen: 55  Methods parsed: 55  Nodes created: 10101
Blocks parsed: 121  Blocks seen: 215
99 original NULL checks - 82 elided (82%); optimizer leaves 32,
10 made implicit (31%)
CCP: 17  constants found: 0
Total frameslots = 144, Max frameslots = 32
Inserted 0 spill loads, 0 spill stores, 0 mem-mem moves and 0 copies.
Total load cost=      0, store cost =      0, mem-mem cost =  0,00, copy cost =     0.
Adjusted spill cost =       0.
Conservatively coalesced 69 copies, 0 pairs, 125 post alloc.
Used cisc instruction  5,  remained in register 102
Average allocation trips 1,272727
High Pressure Blocks = 0, Low Pressure Blocks = 0
Nops added 0 bytes to total of 7230 bytes, for 0,00%
Peephole: peephole rules applied: 0
PhaseIdealLoop=58, sum _unique=19634
</statistics>
<statistics type='intrinsic'>
Compiler intrinsic usage:
     1 (12,5%) _min (worked)
     0 ( 0,0%) _checkIndex (disabled)
     1 (12,5%) _getLongVolatile (worked)
     2 (25,0%) _getByte_raw (worked)
     1 (12,5%) _compareAndSwapLong (worked)
     3 (37,5%) _getAndAddLong (worked)
     8 (100,0%) total (worked,disabled)
</statistics>
<writer thread='140316250588928'/>
<destroy_vm stamp='0,963'/>
<tty_done stamp='0,979'/>
</tty>
<hotspot_log_done stamp='0,979'/>
</hotspot_log>
